0 info it worked if it ends with ok
<<<<<<< HEAD
1 verbose cli [ '/home/larrotta69/webapps/summa_node/bin/node',
1 verbose cli   '/home/larrotta69/webapps/summa_node/bin/npm',
1 verbose cli   'start' ]
2 info using npm@2.5.1
3 info using node@v0.12.0
=======
1 verbose cli [ 'node', '/usr/local/bin/npm', 'start' ]
2 info using npm@2.11.2
3 info using node@v0.12.6
>>>>>>> 63e153f81af7f0c12b2d8844701dc87a7ae9caa3
4 verbose run-script [ 'prestart', 'start', 'poststart' ]
5 info prestart summa_node@0.0.0
6 info start summa_node@0.0.0
7 verbose unsafe-perm in lifecycle true
8 info summa_node@0.0.0 Failed to exec start script
9 verbose stack Error: summa_node@0.0.0 start: `node ./bin/www`
9 verbose stack Exit status 1
<<<<<<< HEAD
9 verbose stack     at EventEmitter.<anonymous> (/home/larrotta69/webapps/summa_node/lib/node_modules/npm/lib/utils/lifecycle.js:213:16)
9 verbose stack     at EventEmitter.emit (events.js:110:17)
9 verbose stack     at ChildProcess.<anonymous> (/home/larrotta69/webapps/summa_node/lib/node_modules/npm/lib/utils/spawn.js:14:12)
9 verbose stack     at ChildProcess.emit (events.js:110:17)
9 verbose stack     at maybeClose (child_process.js:1008:16)
9 verbose stack     at Process.ChildProcess._handle.onexit (child_process.js:1080:5)
10 verbose pkgid summa_node@0.0.0
11 verbose cwd /home/larrotta69/webapps/summa_node
12 error Linux 2.6.32-504.12.2.el6.x86_64
13 error argv "/home/larrotta69/webapps/summa_node/bin/node" "/home/larrotta69/webapps/summa_node/bin/npm" "start"
14 error node v0.12.0
15 error npm  v2.5.1
=======
9 verbose stack     at EventEmitter.<anonymous> (/usr/local/lib/node_modules/npm/lib/utils/lifecycle.js:213:16)
9 verbose stack     at EventEmitter.emit (events.js:110:17)
9 verbose stack     at ChildProcess.<anonymous> (/usr/local/lib/node_modules/npm/lib/utils/spawn.js:24:14)
9 verbose stack     at ChildProcess.emit (events.js:110:17)
9 verbose stack     at maybeClose (child_process.js:1015:16)
9 verbose stack     at Process.ChildProcess._handle.onexit (child_process.js:1087:5)
10 verbose pkgid summa_node@0.0.0
11 verbose cwd /Users/danlarro/Documents/daniel/summa/summa_node
12 error Darwin 13.4.0
13 error argv "node" "/usr/local/bin/npm" "start"
14 error node v0.12.6
15 error npm  v2.11.2
>>>>>>> 63e153f81af7f0c12b2d8844701dc87a7ae9caa3
16 error code ELIFECYCLE
17 error summa_node@0.0.0 start: `node ./bin/www`
17 error Exit status 1
18 error Failed at the summa_node@0.0.0 start script 'node ./bin/www'.
18 error This is most likely a problem with the summa_node package,
18 error not with npm itself.
18 error Tell the author that this fails on your system:
18 error     node ./bin/www
18 error You can get their info via:
18 error     npm owner ls summa_node
18 error There is likely additional logging output above.
19 verbose exit [ 1, true ]
